This is pdfTeX, Version 3.141592653-2.6-1.40.26 (TeX Live 2024) (preloaded format=pdflatex 2024.6.3)  5 OCT 2024 14:01
entering extended mode
 restricted \write18 enabled.
 %&-line parsing enabled.
**report.tex
(./report.tex
LaTeX2e <2023-11-01> patch level 1
L3 programming layer <2024-02-20>
(c:/texlive/2024/texmf-dist/tex/latex/base/article.cls
Document Class: article 2023/05/17 v1.4n Standard LaTeX document class
(c:/texlive/2024/texmf-dist/tex/latex/base/size12.clo
File: size12.clo 2023/05/17 v1.4n Standard LaTeX file (size option)
)
\c@part=\count188
\c@section=\count189
\c@subsection=\count190
\c@subsubsection=\count191
\c@paragraph=\count192
\c@subparagraph=\count193
\c@figure=\count194
\c@table=\count195
\abovecaptionskip=\skip48
\belowcaptionskip=\skip49
\bibindent=\dimen140
)
(c:/texlive/2024/texmf-dist/tex/latex/ctex/ctex.sty
(c:/texlive/2024/texmf-dist/tex/latex/l3kernel/expl3.sty
Package: expl3 2024-02-20 L3 programming layer (loader) 

(c:/texlive/2024/texmf-dist/tex/latex/l3backend/l3backend-pdftex.def
File: l3backend-pdftex.def 2024-02-20 L3 backend support: PDF output (pdfTeX)
\l__color_backend_stack_int=\count196
\l__pdf_internal_box=\box51
))
Package: ctex 2022/07/14 v2.5.10 Chinese adapter in LaTeX (CTEX)

(c:/texlive/2024/texmf-dist/tex/latex/ctex/ctexhook.sty
Package: ctexhook 2022/07/14 v2.5.10 Document and package hooks (CTEX)
)
(c:/texlive/2024/texmf-dist/tex/latex/ctex/ctexpatch.sty
Package: ctexpatch 2022/07/14 v2.5.10 Patching commands (CTEX)
)
(c:/texlive/2024/texmf-dist/tex/latex/base/fix-cm.sty
Package: fix-cm 2020/11/24 v1.1t fixes to LaTeX

(c:/texlive/2024/texmf-dist/tex/latex/base/ts1enc.def
File: ts1enc.def 2001/06/05 v3.0e (jk/car/fm) Standard LaTeX file
LaTeX Font Info:    Redeclaring font encoding TS1 on input line 47.
))
\l__ctex_tmp_int=\count197
\l__ctex_tmp_box=\box52
\l__ctex_tmp_dim=\dimen141
\g__ctex_section_depth_int=\count198
\g__ctex_font_size_int=\count199

(c:/texlive/2024/texmf-dist/tex/latex/ctex/config/ctexopts.cfg
File: ctexopts.cfg 2022/07/14 v2.5.10 Option configuration file (CTEX)
)
(c:/texlive/2024/texmf-dist/tex/latex/ctex/engine/ctex-engine-pdftex.def
File: ctex-engine-pdftex.def 2022/07/14 v2.5.10 (pdf)LaTeX adapter (CTEX)

(c:/texlive/2024/texmf-dist/tex/latex/cjk/texinput/CJKutf8.sty
Package: CJKutf8 2021/10/16 4.8.5

(c:/texlive/2024/texmf-dist/tex/generic/iftex/ifpdf.sty
Package: ifpdf 2019/10/25 v3.4 ifpdf legacy package. Use iftex instead.

(c:/texlive/2024/texmf-dist/tex/generic/iftex/iftex.sty
Package: iftex 2022/02/03 v1.0f TeX engine tests
))
(c:/texlive/2024/texmf-dist/tex/latex/base/inputenc.sty
Package: inputenc 2021/02/14 v1.3d Input encoding file
\inpenc@prehook=\toks17
\inpenc@posthook=\toks18
)
(c:/texlive/2024/texmf-dist/tex/latex/cjk/texinput/CJK.sty
Package: CJK 2021/10/16 4.8.5

(c:/texlive/2024/texmf-dist/tex/latex/cjk/texinput/mule/MULEenc.sty
Package: MULEenc 2021/10/16 4.8.5
)
(c:/texlive/2024/texmf-dist/tex/latex/cjk/texinput/CJK.enc
File: CJK.enc 2021/10/16 4.8.5
Now handling font encoding C00 ...
... no UTF-8 mapping file for font encoding C00
Now handling font encoding C05 ...
... no UTF-8 mapping file for font encoding C05
Now handling font encoding C09 ...
... no UTF-8 mapping file for font encoding C09
Now handling font encoding C10 ...
... no UTF-8 mapping file for font encoding C10
Now handling font encoding C20 ...
... no UTF-8 mapping file for font encoding C20
Now handling font encoding C19 ...
... no UTF-8 mapping file for font encoding C19
Now handling font encoding C40 ...
... no UTF-8 mapping file for font encoding C40
Now handling font encoding C42 ...
... no UTF-8 mapping file for font encoding C42
Now handling font encoding C43 ...
... no UTF-8 mapping file for font encoding C43
Now handling font encoding C50 ...
... no UTF-8 mapping file for font encoding C50
Now handling font encoding C52 ...
... no UTF-8 mapping file for font encoding C52
Now handling font encoding C49 ...
... no UTF-8 mapping file for font encoding C49
Now handling font encoding C60 ...
... no UTF-8 mapping file for font encoding C60
Now handling font encoding C61 ...
... no UTF-8 mapping file for font encoding C61
Now handling font encoding C63 ...
... no UTF-8 mapping file for font encoding C63
Now handling font encoding C64 ...
... no UTF-8 mapping file for font encoding C64
Now handling font encoding C65 ...
... no UTF-8 mapping file for font encoding C65
Now handling font encoding C70 ...
... no UTF-8 mapping file for font encoding C70
Now handling font encoding C31 ...
... no UTF-8 mapping file for font encoding C31
Now handling font encoding C32 ...
... no UTF-8 mapping file for font encoding C32
Now handling font encoding C33 ...
... no UTF-8 mapping file for font encoding C33
Now handling font encoding C34 ...
... no UTF-8 mapping file for font encoding C34
Now handling font encoding C35 ...
... no UTF-8 mapping file for font encoding C35
Now handling font encoding C36 ...
... no UTF-8 mapping file for font encoding C36
Now handling font encoding C37 ...
... no UTF-8 mapping file for font encoding C37
Now handling font encoding C80 ...
... no UTF-8 mapping file for font encoding C80
Now handling font encoding C81 ...
... no UTF-8 mapping file for font encoding C81
Now handling font encoding C01 ...
... no UTF-8 mapping file for font encoding C01
Now handling font encoding C11 ...
... no UTF-8 mapping file for font encoding C11
Now handling font encoding C21 ...
... no UTF-8 mapping file for font encoding C21
Now handling font encoding C41 ...
... no UTF-8 mapping file for font encoding C41
Now handling font encoding C62 ...
... no UTF-8 mapping file for font encoding C62
)
\CJK@indent=\box53
)
(c:/texlive/2024/texmf-dist/tex/latex/base/fontenc.sty
Package: fontenc 2021/04/29 v2.0v Standard LaTeX package
))
(c:/texlive/2024/texmf-dist/tex/latex/cjkpunct/CJKpunct.sty
Package: CJKpunct 2016/05/14 4.8.4
\CJKpunct@cnta=\count266
\CJKpunct@cntb=\count267
\CJKpunct@cntc=\count268
\CJKpunct@cntd=\count269
\CJKpunct@cnte=\count270
   defining Unicode char U+2018 (decimal 8216)
   defining Unicode char U+2019 (decimal 8217)
   defining Unicode char U+201C (decimal 8220)
   defining Unicode char U+201D (decimal 8221)
   defining Unicode char U+2014 (decimal 8212)
   defining Unicode char U+2026 (decimal 8230)

(c:/texlive/2024/texmf-dist/tex/latex/cjkpunct/CJKpunct.spa))
(c:/texlive/2024/texmf-dist/tex/latex/cjk/texinput/CJKspace.sty
Package: CJKspace 2021/10/16 3.8.0
)
(c:/texlive/2024/texmf-dist/tex/latex/cjk/texinput/UTF8/UTF8.bdg
File: UTF8.bdg 2021/10/16 4.8.5
)
(c:/texlive/2024/texmf-dist/tex/latex/ctex/ctexspa.def
File: ctexspa.def 2022/07/14 v2.5.10 Space info for CJKpunct (CTEX)
)
\ccwd=\dimen142
\l__ctex_ccglue_skip=\skip50
)
\l__ctex_ziju_dim=\dimen143

(c:/texlive/2024/texmf-dist/tex/latex/zhnumber/zhnumber.sty
Package: zhnumber 2022/07/14 v3.0 Typesetting numbers with Chinese glyphs
\l__zhnum_scale_int=\count271
\l__zhnum_tmp_int=\count272

(c:/texlive/2024/texmf-dist/tex/latex/zhnumber/zhnumber-utf8.cfg
File: zhnumber-utf8.cfg 2022/07/14 v3.0 Chinese numerals with UTF8 encoding
))
(c:/texlive/2024/texmf-dist/tex/latex/ctex/heading/ctex-heading-article.def
File: ctex-article.def 2022/07/14 v2.5.10 Heading modification for article (CTE
X)
\l__ctex_heading_skip=\skip51

(c:/texlive/2024/texmf-dist/tex/latex/ctex/scheme/ctex-scheme-chinese-article.d
ef
File: ctex-scheme-chinese-article.def 2022/07/14 v2.5.10 Chinese scheme for art
icle (CTEX)
 (c:/texlive/2024/texmf-dist/tex/latex/ctex/config/ctex-name-utf8.cfg
File: ctex-name-utf8.cfg 2022/07/14 v2.5.10 Caption with encoding UTF-8 (CTEX)
)))
(c:/texlive/2024/texmf-dist/tex/latex/ctex/fontset/ctex-fontset-windows.def
File: ctex-fontset-windows.def 2022/07/14 v2.5.10 Windows fonts definition (CTE
X)
))
(c:/texlive/2024/texmf-dist/tex/latex/ctex/config/ctex.cfg
File: ctex.cfg 2022/07/14 v2.5.10 Configuration file (CTEX)
)
(c:/texlive/2024/texmf-dist/tex/latex/base/fontenc.sty
Package: fontenc 2021/04/29 v2.0v Standard LaTeX package
)
(c:/texlive/2024/texmf-dist/tex/latex/graphics/graphicx.sty
Package: graphicx 2021/09/16 v1.2d Enhanced LaTeX Graphics (DPC,SPQR)

(c:/texlive/2024/texmf-dist/tex/latex/graphics/keyval.sty
Package: keyval 2022/05/29 v1.15 key=value parser (DPC)
\KV@toks@=\toks19
)
(c:/texlive/2024/texmf-dist/tex/latex/graphics/graphics.sty
Package: graphics 2022/03/10 v1.4e Standard LaTeX Graphics (DPC,SPQR)

(c:/texlive/2024/texmf-dist/tex/latex/graphics/trig.sty
Package: trig 2021/08/11 v1.11 sin cos tan (DPC)
)
(c:/texlive/2024/texmf-dist/tex/latex/graphics-cfg/graphics.cfg
File: graphics.cfg 2016/06/04 v1.11 sample graphics configuration
)
Package graphics Info: Driver file: pdftex.def on input line 107.

(c:/texlive/2024/texmf-dist/tex/latex/graphics-def/pdftex.def
File: pdftex.def 2022/09/22 v1.2b Graphics/color driver for pdftex
))
\Gin@req@height=\dimen144
\Gin@req@width=\dimen145
)
(c:/texlive/2024/texmf-dist/tex/latex/float/float.sty
Package: float 2001/11/08 v1.3d Float enhancements (AL)
\c@float@type=\count273
\float@exts=\toks20
\float@box=\box54
\@float@everytoks=\toks21
\@floatcapt=\box55
)
(c:/texlive/2024/texmf-dist/tex/latex/amsmath/amsmath.sty
Package: amsmath 2023/05/13 v2.17o AMS math features
\@mathmargin=\skip52

For additional information on amsmath, use the `?' option.
(c:/texlive/2024/texmf-dist/tex/latex/amsmath/amstext.sty
Package: amstext 2021/08/26 v2.01 AMS text

(c:/texlive/2024/texmf-dist/tex/latex/amsmath/amsgen.sty
File: amsgen.sty 1999/11/30 v2.0 generic functions
\@emptytoks=\toks22
\ex@=\dimen146
))
(c:/texlive/2024/texmf-dist/tex/latex/amsmath/amsbsy.sty
Package: amsbsy 1999/11/29 v1.2d Bold Symbols
\pmbraise@=\dimen147
)
(c:/texlive/2024/texmf-dist/tex/latex/amsmath/amsopn.sty
Package: amsopn 2022/04/08 v2.04 operator names
)
\inf@bad=\count274
LaTeX Info: Redefining \frac on input line 234.
\uproot@=\count275
\leftroot@=\count276
LaTeX Info: Redefining \overline on input line 399.
LaTeX Info: Redefining \colon on input line 410.
\classnum@=\count277
\DOTSCASE@=\count278
LaTeX Info: Redefining \ldots on input line 496.
LaTeX Info: Redefining \dots on input line 499.
LaTeX Info: Redefining \cdots on input line 620.
\Mathstrutbox@=\box56
\strutbox@=\box57
LaTeX Info: Redefining \big on input line 722.
LaTeX Info: Redefining \Big on input line 723.
LaTeX Info: Redefining \bigg on input line 724.
LaTeX Info: Redefining \Bigg on input line 725.
\big@size=\dimen148
LaTeX Font Info:    Redeclaring font encoding OML on input line 743.
LaTeX Font Info:    Redeclaring font encoding OMS on input line 744.
\macc@depth=\count279
LaTeX Info: Redefining \bmod on input line 905.
LaTeX Info: Redefining \pmod on input line 910.
LaTeX Info: Redefining \smash on input line 940.
LaTeX Info: Redefining \relbar on input line 970.
LaTeX Info: Redefining \Relbar on input line 971.
\c@MaxMatrixCols=\count280
\dotsspace@=\muskip16
\c@parentequation=\count281
\dspbrk@lvl=\count282
\tag@help=\toks23
\row@=\count283
\column@=\count284
\maxfields@=\count285
\andhelp@=\toks24
\eqnshift@=\dimen149
\alignsep@=\dimen150
\tagshift@=\dimen151
\tagwidth@=\dimen152
\totwidth@=\dimen153
\lineht@=\dimen154
\@envbody=\toks25
\multlinegap=\skip53
\multlinetaggap=\skip54
\mathdisplay@stack=\toks26
LaTeX Info: Redefining \[ on input line 2953.
LaTeX Info: Redefining \] on input line 2954.
)
(c:/texlive/2024/texmf-dist/tex/latex/amsfonts/amsfonts.sty
Package: amsfonts 2013/01/14 v3.01 Basic AMSFonts support
\symAMSa=\mathgroup4
\symAMSb=\mathgroup5
LaTeX Font Info:    Redeclaring math symbol \hbar on input line 98.
LaTeX Font Info:    Overwriting math alphabet `\mathfrak' in version `bold'
(Font)                  U/euf/m/n --> U/euf/b/n on input line 106.
)
(c:/texlive/2024/texmf-dist/tex/latex/amsfonts/amssymb.sty
Package: amssymb 2013/01/14 v3.01 AMS font symbols
)
(c:/texlive/2024/texmf-dist/tex/latex/booktabs/booktabs.sty
Package: booktabs 2020/01/12 v1.61803398 Publication quality tables
\heavyrulewidth=\dimen155
\lightrulewidth=\dimen156
\cmidrulewidth=\dimen157
\belowrulesep=\dimen158
\belowbottomsep=\dimen159
\aboverulesep=\dimen160
\abovetopsep=\dimen161
\cmidrulesep=\dimen162
\cmidrulekern=\dimen163
\defaultaddspace=\dimen164
\@cmidla=\count286
\@cmidlb=\count287
\@aboverulesep=\dimen165
\@belowrulesep=\dimen166
\@thisruleclass=\count288
\@lastruleclass=\count289
\@thisrulewidth=\dimen167
)
(c:/texlive/2024/texmf-dist/tex/latex/multirow/multirow.sty
Package: multirow 2021/03/15 v2.8 Span multiple rows of a table
\multirow@colwidth=\skip55
\multirow@cntb=\count290
\multirow@dima=\skip56
\bigstrutjot=\dimen168
)
(c:/texlive/2024/texmf-dist/tex/latex/caption/subcaption.sty
Package: subcaption 2023/07/28 v1.6b Sub-captions (AR)

(c:/texlive/2024/texmf-dist/tex/latex/caption/caption.sty
Package: caption 2023/08/05 v3.6o Customizing captions (AR)

(c:/texlive/2024/texmf-dist/tex/latex/caption/caption3.sty
Package: caption3 2023/07/31 v2.4d caption3 kernel (AR)
\caption@tempdima=\dimen169
\captionmargin=\dimen170
\caption@leftmargin=\dimen171
\caption@rightmargin=\dimen172
\caption@width=\dimen173
\caption@indent=\dimen174
\caption@parindent=\dimen175
\caption@hangindent=\dimen176
Package caption Info: Standard document class detected.
)
\c@caption@flags=\count291
\c@continuedfloat=\count292
Package caption Info: float package is loaded.
)
Package caption Info: New subtype `subfigure' on input line 238.
\c@subfigure=\count293
Package caption Info: New subtype `subtable' on input line 238.
\c@subtable=\count294
)
(c:/texlive/2024/texmf-dist/tex/latex/tools/indentfirst.sty
Package: indentfirst 2023/07/02 v1.03 Indent first paragraph (DPC)
)
(c:/texlive/2024/texmf-dist/tex/latex/geometry/geometry.sty
Package: geometry 2020/01/02 v5.9 Page Geometry

(c:/texlive/2024/texmf-dist/tex/generic/iftex/ifvtex.sty
Package: ifvtex 2019/10/25 v1.7 ifvtex legacy package. Use iftex instead.
)
\Gm@cnth=\count295
\Gm@cntv=\count296
\c@Gm@tempcnt=\count297
\Gm@bindingoffset=\dimen177
\Gm@wd@mp=\dimen178
\Gm@odd@mp=\dimen179
\Gm@even@mp=\dimen180
\Gm@layoutwidth=\dimen181
\Gm@layoutheight=\dimen182
\Gm@layouthoffset=\dimen183
\Gm@layoutvoffset=\dimen184
\Gm@dimlist=\toks27
)
(c:/texlive/2024/texmf-dist/tex/latex/fancyhdr/fancyhdr.sty
Package: fancyhdr 2022/11/09 v4.1 Extensive control of page headers and footers

\f@nch@headwidth=\skip57
\f@nch@O@elh=\skip58
\f@nch@O@erh=\skip59
\f@nch@O@olh=\skip60
\f@nch@O@orh=\skip61
\f@nch@O@elf=\skip62
\f@nch@O@erf=\skip63
\f@nch@O@olf=\skip64
\f@nch@O@orf=\skip65
)
(c:/texlive/2024/texmf-dist/tex/latex/listings/listings.sty
\lst@mode=\count298
\lst@gtempboxa=\box58
\lst@token=\toks28
\lst@length=\count299
\lst@currlwidth=\dimen185
\lst@column=\count300
\lst@pos=\count301
\lst@lostspace=\dimen186
\lst@width=\dimen187
\lst@newlines=\count302
\lst@lineno=\count303
\lst@maxwidth=\dimen188

(c:/texlive/2024/texmf-dist/tex/latex/listings/lstpatch.sty
File: lstpatch.sty 2024/02/21 1.10 (Carsten Heinz)
)
(c:/texlive/2024/texmf-dist/tex/latex/listings/lstmisc.sty
File: lstmisc.sty 2024/02/21 1.10 (Carsten Heinz)
\c@lstnumber=\count304
\lst@skipnumbers=\count305
\lst@framebox=\box59
)
(c:/texlive/2024/texmf-dist/tex/latex/listings/listings.cfg
File: listings.cfg 2024/02/21 1.10 listings configuration
))
Package: listings 2024/02/21 1.10 (Carsten Heinz)

(c:/texlive/2024/texmf-dist/tex/latex/xcolor/xcolor.sty
Package: xcolor 2023/11/15 v3.01 LaTeX color extensions (UK)

(c:/texlive/2024/texmf-dist/tex/latex/graphics-cfg/color.cfg
File: color.cfg 2016/01/02 v1.6 sample color configuration
)
Package xcolor Info: Driver file: pdftex.def on input line 274.

(c:/texlive/2024/texmf-dist/tex/latex/graphics/mathcolor.ltx)
Package xcolor Info: Model `cmy' substituted by `cmy0' on input line 1350.
Package xcolor Info: Model `hsb' substituted by `rgb' on input line 1354.
Package xcolor Info: Model `RGB' extended on input line 1366.
Package xcolor Info: Model `HTML' substituted by `rgb' on input line 1368.
Package xcolor Info: Model `Hsb' substituted by `hsb' on input line 1369.
Package xcolor Info: Model `tHsb' substituted by `hsb' on input line 1370.
Package xcolor Info: Model `HSB' substituted by `hsb' on input line 1371.
Package xcolor Info: Model `Gray' substituted by `gray' on input line 1372.
Package xcolor Info: Model `wave' substituted by `hsb' on input line 1373.
)
(c:/texlive/2024/texmf-dist/tex/latex/cjk/texinput/UTF8/UTF8.enc
File: UTF8.enc 2021/10/16 4.8.5
)
(c:/texlive/2024/texmf-dist/tex/latex/cjk/texinput/UTF8/UTF8.chr
File: UTF8.chr 2021/10/16 4.8.5
) (./report.aux)
\openout1 = `report.aux'.

LaTeX Font Info:    Checking defaults for OML/cmm/m/it on input line 92.
LaTeX Font Info:    ... okay on input line 92.
LaTeX Font Info:    Checking defaults for OMS/cmsy/m/n on input line 92.
LaTeX Font Info:    ... okay on input line 92.
LaTeX Font Info:    Checking defaults for OT1/cmr/m/n on input line 92.
LaTeX Font Info:    ... okay on input line 92.
LaTeX Font Info:    Checking defaults for T1/cmr/m/n on input line 92.
LaTeX Font Info:    ... okay on input line 92.
LaTeX Font Info:    Checking defaults for TS1/cmr/m/n on input line 92.
LaTeX Font Info:    ... okay on input line 92.
LaTeX Font Info:    Checking defaults for OMX/cmex/m/n on input line 92.
LaTeX Font Info:    ... okay on input line 92.
LaTeX Font Info:    Checking defaults for U/cmr/m/n on input line 92.
LaTeX Font Info:    ... okay on input line 92.
LaTeX Font Info:    Checking defaults for C00/song/m/n on input line 92.
LaTeX Font Info:    ... okay on input line 92.
LaTeX Font Info:    Checking defaults for C05/song/m/n on input line 92.
LaTeX Font Info:    ... okay on input line 92.
LaTeX Font Info:    Checking defaults for C09/song/m/n on input line 92.
LaTeX Font Info:    ... okay on input line 92.
LaTeX Font Info:    Checking defaults for C10/song/m/n on input line 92.
LaTeX Font Info:    ... okay on input line 92.
LaTeX Font Info:    Checking defaults for C20/song/m/n on input line 92.
LaTeX Font Info:    ... okay on input line 92.
LaTeX Font Info:    Checking defaults for C19/song/m/n on input line 92.
LaTeX Font Info:    ... okay on input line 92.
LaTeX Font Info:    Checking defaults for C40/song/m/n on input line 92.
LaTeX Font Info:    ... okay on input line 92.
LaTeX Font Info:    Checking defaults for C42/song/m/n on input line 92.
LaTeX Font Info:    ... okay on input line 92.
LaTeX Font Info:    Checking defaults for C43/song/m/n on input line 92.
LaTeX Font Info:    ... okay on input line 92.
LaTeX Font Info:    Checking defaults for C50/song/m/n on input line 92.
LaTeX Font Info:    ... okay on input line 92.
LaTeX Font Info:    Checking defaults for C52/song/m/n on input line 92.
LaTeX Font Info:    ... okay on input line 92.
LaTeX Font Info:    Checking defaults for C49/song/m/n on input line 92.
LaTeX Font Info:    ... okay on input line 92.
LaTeX Font Info:    Checking defaults for C60/mj/m/n on input line 92.
LaTeX Font Info:    ... okay on input line 92.
LaTeX Font Info:    Checking defaults for C61/mj/m/n on input line 92.
LaTeX Font Info:    ... okay on input line 92.
LaTeX Font Info:    Checking defaults for C63/mj/m/n on input line 92.
LaTeX Font Info:    ... okay on input line 92.
LaTeX Font Info:    Checking defaults for C64/mj/m/n on input line 92.
LaTeX Font Info:    ... okay on input line 92.
LaTeX Font Info:    Checking defaults for C65/mj/m/n on input line 92.
LaTeX Font Info:    ... okay on input line 92.
LaTeX Font Info:    Checking defaults for C70/song/m/n on input line 92.
LaTeX Font Info:    ... okay on input line 92.
LaTeX Font Info:    Checking defaults for C31/song/m/n on input line 92.
LaTeX Font Info:    ... okay on input line 92.
LaTeX Font Info:    Checking defaults for C32/song/m/n on input line 92.
LaTeX Font Info:    ... okay on input line 92.
LaTeX Font Info:    Checking defaults for C33/song/m/n on input line 92.
LaTeX Font Info:    ... okay on input line 92.
LaTeX Font Info:    Checking defaults for C34/song/m/n on input line 92.
LaTeX Font Info:    ... okay on input line 92.
LaTeX Font Info:    Checking defaults for C35/song/m/n on input line 92.
LaTeX Font Info:    ... okay on input line 92.
LaTeX Font Info:    Checking defaults for C36/song/m/n on input line 92.
LaTeX Font Info:    ... okay on input line 92.
LaTeX Font Info:    Checking defaults for C37/song/m/n on input line 92.
LaTeX Font Info:    ... okay on input line 92.
LaTeX Font Info:    Checking defaults for C80/song/m/n on input line 92.
LaTeX Font Info:    ... okay on input line 92.
LaTeX Font Info:    Checking defaults for C81/song/m/n on input line 92.
LaTeX Font Info:    ... okay on input line 92.
LaTeX Font Info:    Checking defaults for C01/song/m/n on input line 92.
LaTeX Font Info:    ... okay on input line 92.
LaTeX Font Info:    Checking defaults for C11/song/m/n on input line 92.
LaTeX Font Info:    ... okay on input line 92.
LaTeX Font Info:    Checking defaults for C21/song/m/n on input line 92.
LaTeX Font Info:    ... okay on input line 92.
LaTeX Font Info:    Checking defaults for C41/song/m/n on input line 92.
LaTeX Font Info:    ... okay on input line 92.
LaTeX Font Info:    Checking defaults for C62/song/m/n on input line 92.
LaTeX Font Info:    ... okay on input line 92.
 (c:/texlive/2024/texmf-dist/tex/context/base/mkii/supp-pdf.mkii
[Loading MPS to PDF converter (version 2006.09.02).]
\scratchcounter=\count306
\scratchdimen=\dimen189
\scratchbox=\box60
\nofMPsegments=\count307
\nofMParguments=\count308
\everyMPshowfont=\toks29
\MPscratchCnt=\count309
\MPscratchDim=\dimen190
\MPnumerator=\count310
\makeMPintoPDFobject=\count311
\everyMPtoPDFconversion=\toks30
) (c:/texlive/2024/texmf-dist/tex/latex/epstopdf-pkg/epstopdf-base.sty
Package: epstopdf-base 2020-01-24 v2.11 Base part for package epstopdf
Package epstopdf-base Info: Redefining graphics rule for `.eps' on input line 4
85.

(c:/texlive/2024/texmf-dist/tex/latex/latexconfig/epstopdf-sys.cfg
File: epstopdf-sys.cfg 2010/07/13 v1.3 Configuration of (r)epstopdf for TeX Liv
e
))
Package caption Info: Begin \AtBeginDocument code.
Package caption Info: listings package is loaded.
Package caption Info: End \AtBeginDocument code.

*geometry* driver: auto-detecting
*geometry* detected driver: pdftex
*geometry* verbose mode - [ preamble ] result:
* driver: pdftex
* paper: a4paper
* layout: <same size as paper>
* layoutoffset:(h,v)=(0.0pt,0.0pt)
* modes: 
* h-part:(L,W,R)=(85.35826pt, 426.79135pt, 85.35826pt)
* v-part:(T,H,B)=(85.35826pt, 674.33032pt, 85.35826pt)
* \paperwidth=597.50787pt
* \paperheight=845.04684pt
* \textwidth=426.79135pt
* \textheight=674.33032pt
* \oddsidemargin=13.08827pt
* \evensidemargin=13.08827pt
* \topmargin=-23.91173pt
* \headheight=12.0pt
* \headsep=25.0pt
* \topskip=12.0pt
* \footskip=30.0pt
* \marginparwidth=35.0pt
* \marginparsep=10.0pt
* \columnsep=10.0pt
* \skip\footins=10.8pt plus 4.0pt minus 2.0pt
* \hoffset=0.0pt
* \voffset=0.0pt
* \mag=1000
* \@twocolumnfalse
* \@twosidefalse
* \@mparswitchfalse
* \@reversemarginfalse
* (1in=72.27pt=25.4mm, 1cm=28.453pt)

\c@lstlisting=\count312
<data/media/image1.jpeg, id=1, 53.874pt x 53.874pt>
File: data/media/image1.jpeg Graphic file (type jpg)
<use data/media/image1.jpeg>
Package pdftex.def Info: data/media/image1.jpeg  used on input line 98.
(pdftex.def)             Requested size: 80.81076pt x 80.81076pt.
<data/media/image2.jpeg, id=2, 81.1833pt x 24.5718pt>
File: data/media/image2.jpeg Graphic file (type jpg)
<use data/media/image2.jpeg>
Package pdftex.def Info: data/media/image2.jpeg  used on input line 98.
(pdftex.def)             Requested size: 243.54932pt x 73.71515pt.
LaTeX Font Info:    Trying to load font information for C70+zhli on input line 
101.
(c:/texlive/2024/texmf-dist/tex/latex/zhmetrics/c70zhli.fd
File: c70zhli.fd 2009/09/23 4.8.2
)
LaTeX Font Info:    Calculating math sizes for size <50> on input line 105.
LaTeX Font Info:    Trying to load font information for U+msa on input line 105
.

(c:/texlive/2024/texmf-dist/tex/latex/amsfonts/umsa.fd
File: umsa.fd 2013/01/14 v3.01 AMS symbols A
)
LaTeX Font Info:    Trying to load font information for U+msb on input line 105
.

(c:/texlive/2024/texmf-dist/tex/latex/amsfonts/umsb.fd
File: umsb.fd 2013/01/14 v3.01 AMS symbols B
)
LaTeX Font Info:    Trying to load font information for C70+zhsong on input lin
e 106.

(c:/texlive/2024/texmf-dist/tex/latex/zhmetrics/c70zhsong.fd
File: c70zhsong.fd 2009/09/23 4.8.2
)
Package CJKpunct Info: use punctuation spaces for family 'zhsong' with punctsty
le (quanjiao) on input line 106.

(c:/texlive/2024/texmf-dist/tex/generic/ctex/zhmap/ctex-zhmap-windows.tex
File: ctex-zhmap-windows.tex 2022/07/14 v2.5.10 Windows font map loader for pdf
TeX and DVIPDFMx (CTEX)
{c:/texlive/2024/texmf-var/fonts/map/pdftex/updmap/pdftex.map}{UGBK.sfd}{Unicod
e.sfd}) [1

{c:/texlive/2024/texmf-dist/fonts/enc/dvips/cm-super/cm-super-t1.enc} <./data/m
edia/image1.jpeg> <./data/media/image2.jpeg>]
LaTeX Font Info:    Trying to load font information for C70+zhhei on input line
 127.

(c:/texlive/2024/texmf-dist/tex/latex/zhmetrics/c70zhhei.fd
File: c70zhhei.fd 2009/09/23 4.8.2
) (./report.toc
LaTeX Font Info:    Trying to load font information for C70+rm on input line 1.


(c:/texlive/2024/texmf-dist/tex/latex/ctex/fd/c70rm.fd
File: c70rm.fd 2022/07/14 v2.5.10 Chinese font definition (CTEX)
)
Package CJKpunct Info: use punctuation spaces for family 'rm' with punctstyle (
quanjiao) on input line 1.
 [1] [2])
\tf@toc=\write3
\openout3 = `report.toc'.

 [3]
Package CJKpunct Info: use punctuation spaces for family 'zhhei' with punctstyl
e (quanjiao) on input line 134.
 [1]
(c:/texlive/2024/texmf-dist/tex/latex/listings/lstlang1.sty
File: lstlang1.sty 2024/02/21 1.10 listings language file
) [2] [3] [4]
<1.png, id=187, 826.0461pt x 339.669pt>
File: 1.png Graphic file (type png)
<use 1.png>
Package pdftex.def Info: 1.png  used on input line 328.
(pdftex.def)             Requested size: 426.79135pt x 175.49384pt.

[5] [6{c:/texlive/2024/texmf-dist/fonts/enc/dvips/cm-super/cm-super-ts1.enc} <.
/1.png>] [7] [8] [9] [10]
<2.png, id=231, 859.2903pt x 354.123pt>
File: 2.png Graphic file (type png)
<use 2.png>
Package pdftex.def Info: 2.png  used on input line 531.
(pdftex.def)             Requested size: 341.43437pt x 140.70647pt.

Overfull \hbox (29.58444pt too wide) in paragraph at lines 525--534
[]\C70/rm/m/n/12/4e Î \C70/rm/m/n/12/6d ÷ Æ \C70/rm/m/n/12/77 é \C70/rm/m/n/12/
96 5 \C70/rm/m/n/12/5f — \C70/rm/m/n/12/51 ú \C70/rm/m/n/12/4e å  \C70/rm/m/n/
12/51 à \C70/rm/m/n/12/70 ¹|\C70/rm/m/n/12/ff ^^Z| \C70/rm/m/n/12/6a ! \C70/rm/
m/n/12/57 ‹ ( \C70/rm/m/n/12/4e ^^M \C70/rm/m/n/12/54 ^^L \C70/rm/m/n/12/7c { \
C70/rm/m/n/12/52 + \C70/rm/m/n/12/4e 
 \C70/rm/m/n/12/76 „ \C70/rm/m/n/12/7c ¾ \C70/rm/m/n/12/78 n \C70/rm/m/n/12/5e 
¦ \C70/rm/m/n/12/67 	 \C70/rm/m/n/12/62 @ \C70/rm/m/n/12/5d î \C70/rm/m/n/12/5f
 ^^B|\C70/rm/m/n/12/30 ^^B| \C70/rm/m/n/12/88 ä \C70/rm/m/n/12/5b P |\C70/rm/m/
n/12/ff ^^H|\T1/cmr/m/n/12 Trouser|\C70/rm/m/n/12/ff 	||\C70/rm/m/n/12/30 ^^A|
 []


Overfull \hbox (19.14821pt too wide) in paragraph at lines 525--534
\C70/rm/m/n/12/76 „ \C70/rm/m/n/12/7c ¾ \C70/rm/m/n/12/78 n \C70/rm/m/n/12/5e ¦
 \C70/rm/m/n/12/8f ƒ \C70/rm/m/n/12/4f N|\C70/rm/m/n/12/ff ^^L| \C70/rm/m/n/12/
4e :\T1/cmr/m/n/12 0.66|\C70/rm/m/n/12/30 ^^B| \C70/rm/m/n/12/6a ! \C70/rm/m/n/
12/57 ‹ \C70/rm/m/n/12/5b ù \C70/rm/m/n/12/59 ' ^^Z \C70/rm/m/n/12/65 p \C70/rm
/m/n/12/7c { \C70/rm/m/n/12/52 + \C70/rm/m/n/12/76 „ \C70/rm/m/n/12/53 ì \C70/r
m/m/n/12/56 Þ \C70/rm/m/n/12/73 ‡ \C70/rm/m/n/12/90 ý \C70/rm/m/n/12/8f ƒ \C70/
rm/m/n/12/9a Ø|\C70/rm/m/n/12/ff ^^L| \C70/rm/m/n/12/5c $ \C70/rm/m/n/12/51 v \
C70/rm/m/n/12/66 / \C70/rm/m/n/12/5b ù \C70/rm/m/n/12/88 ä \C70/rm/m/n/12/5b P 
|\C70/rm/m/n/12/ff ^^H|\T1/cmr/m/n/12 Trouser|\C70/rm/m/n/12/ff 	|
 []

<3.png, id=232, 569.4876pt x 506.6127pt>
File: 3.png Graphic file (type png)
<use 3.png>
Package pdftex.def Info: 3.png  used on input line 537.
(pdftex.def)             Requested size: 256.07741pt x 227.81126pt.
<4.png, id=233, 698.1282pt x 715.473pt>
File: 4.png Graphic file (type png)
<use 4.png>
Package pdftex.def Info: 4.png  used on input line 543.
(pdftex.def)             Requested size: 256.07741pt x 262.43916pt.
[11 <./2.png>] [12 <./3.png> <./4.png>] [13]
Overfull \hbox (6.4975pt too wide) in paragraph at lines 609--610
[]\C70/rm/m/n/12/6a ! \C70/rm/m/n/12/57 ‹ \C70/rm/m/n/12/4f ^^? \C70/rm/m/n/12/
75 ( \C70/rm/m/n/12/76 „ \C70/rm/m/n/12/63 _ \C70/rm/m/n/12/59 1 \C70/rm/m/n/12
/51 ý \C70/rm/m/n/12/65 p \C70/rm/m/n/12/4e : \T1/cmtt/m/n/12 sparse_categorica
l_crossentropy|\C70/rm/m/n/12/ff ^^L| \C70/rm/m/n/12/4f ^^X \C70/rm/m/n/12/53 ^
^V \C70/rm/m/n/12/56 h \C70/rm/m/n/12/4e : \T1/cmtt/m/n/12 adam|\C70/rm/m/n/12/
ff ^^L|
 []

[14] [15]
<5.png, id=269, 859.2903pt x 354.123pt>
File: 5.png Graphic file (type png)
<use 5.png>
Package pdftex.def Info: 5.png  used on input line 673.
(pdftex.def)             Requested size: 341.43437pt x 140.70647pt.

Overfull \hbox (28.69653pt too wide) in paragraph at lines 677--678
[]\C70/rm/m/n/12/4e : † \C70/rm/m/n/12/66 ô \C70/rm/m/n/12/8b æ \C70/rm/m/n/12/
7e Æ \C70/rm/m/n/12/57 0 \C70/rm/m/n/12/4e † \C70/rm/m/n/12/89 ã \C70/rm/m/n/12
/6a ! \C70/rm/m/n/12/57 ‹ \C70/rm/m/n/12/76 „ \C70/rm/m/n/12/60 ' \C70/rm/m/n/1
2/80 ý|\C70/rm/m/n/12/ff ^^L| \C70/rm/m/n/12/62 ^^Q \C70/rm/m/n/12/4e ì \C70/rm
/m/n/12/4f ^^? \C70/rm/m/n/12/75 ( \T1/cmtt/m/n/12 sklearn \C70/rm/m/n/12/63 Ð 
\C70/rm/m/n/12/4f › \C70/rm/m/n/12/76 „ \T1/cmtt/m/n/12 classification_report
 []

[16 <./5.png>]
<6.png, id=274, 610.6815pt x 435.0654pt>
File: 6.png Graphic file (type png)
<use 6.png>
Package pdftex.def Info: 6.png  used on input line 704.
(pdftex.def)             Requested size: 341.43437pt x 243.24991pt.
<7.png, id=275, 1044.3015pt x 1076.823pt>
File: 7.png Graphic file (type png)
<use 7.png>
Package pdftex.def Info: 7.png  used on input line 724.
(pdftex.def)             Requested size: 256.07741pt x 264.04576pt.
 [17 <./6.png>] [18 <./7.png>] [19] [20] [21] [22] [23] [24]
[25] [26] [27] [28]
<18.png, id=334, 639.38875pt x 476.78125pt>
File: 18.png Graphic file (type png)
<use 18.png>
Package pdftex.def Info: 18.png  used on input line 1054.
(pdftex.def)             Requested size: 341.43437pt x 254.6062pt.
<19.png, id=335, 647.41875pt x 474.77374pt>
File: 19.png Graphic file (type png)
<use 19.png>
Package pdftex.def Info: 19.png  used on input line 1076.
(pdftex.def)             Requested size: 341.43437pt x 250.38284pt.
 [29 <./18.png>] [30 <./19.png>] [31] [32]
<8.png, id=352, 714.7503pt x 542.7477pt>
File: 8.png Graphic file (type png)
<use 8.png>
Package pdftex.def Info: 8.png  used on input line 1196.
(pdftex.def)             Requested size: 426.79135pt x 324.09418pt.
 [33 <./8.png>]
[34] [35] [36]
<9.png, id=369, 409.0482pt x 328.8285pt>
File: 9.png Graphic file (type png)
<use 9.png>
Package pdftex.def Info: 9.png  used on input line 1332.
(pdftex.def)             Requested size: 213.39568pt x 171.54373pt.
<10.png, id=370, 727.0362pt x 325.9377pt>
File: 10.png Graphic file (type png)
<use 10.png>
Package pdftex.def Info: 10.png  used on input line 1338.
(pdftex.def)             Requested size: 298.75264pt x 133.93372pt.
 [37] [38 <./9.png> <./10.png>] [39] [40]
<13.png, id=386, 1105.0083pt x 445.9059pt>
File: 13.png Graphic file (type png)
<use 13.png>
Package pdftex.def Info: 13.png  used on input line 1429.
(pdftex.def)             Requested size: 426.79135pt x 172.22202pt.
<15.png, id=387, 1076.823pt x 445.9059pt>
File: 15.png Graphic file (type png)
<use 15.png>
Package pdftex.def Info: 15.png  used on input line 1435.
(pdftex.def)             Requested size: 426.79135pt x 176.72624pt.
<14.png, id=388, 859.2903pt x 286.1892pt>
File: 14.png Graphic file (type png)
<use 14.png>
Package pdftex.def Info: 14.png  used on input line 1441.
(pdftex.def)             Requested size: 298.75264pt x 99.49957pt.
<16.png, id=389, 859.2903pt x 286.1892pt>
File: 16.png Graphic file (type png)
<use 16.png>
Package pdftex.def Info: 16.png  used on input line 1446.
(pdftex.def)             Requested size: 298.75264pt x 99.49957pt.
 [41 <./13.png>]
[42 <./15.png> <./14.png> <./16.png>]
Overfull \hbox (1.98315pt too wide) in paragraph at lines 1457--1458
[]\C70/rm/m/n/12/67 , \C70/rm/m/n/12/5b ž \C70/rm/m/n/12/9a Œ \C70/rm/m/n/12/65
 è \C70/rm/m/n/12/57 ( \C70/rm/m/n/12/63 ¢ \C70/rm/m/n/12/7d " \C70/rm/m/n/12/5
3 w \C70/rm/m/n/12/79 ï \C70/rm/m/n/12/68 8 \C70/rm/m/n/12/5c : \C70/rm/m/n/12/
5b ø|\C70/rm/m/n/12/30 ^^A| \C70/rm/m/n/12/58 k \C70/rm/m/n/12/51 E \C70/rm/m/n
/12/54 Œ \C70/rm/m/n/12/6b e \C70/rm/m/n/12/95 ^^? \C70/rm/m/n/12/53 Â \C70/rm/
m/n/12/65 p \C70/rm/m/n/12/57 ( \C70/rm/m/n/12/4f ^^? \C70/rm/m/n/12/75 (\T1/cm
r/m/n/12 LeNet\C70/rm/m/n/12/6a ! \C70/rm/m/n/12/57 ‹ \C70/rm/m/n/12/8b Æ \C70/
rm/m/n/12/52 +\T1/cmr/m/n/12 MNIST\C70/rm/m/n/12/62 K
 []


Overfull \hbox (15.37479pt too wide) in paragraph at lines 1469--1471
\C70/rm/m/n/12/98 y|\C70/rm/m/n/12/30 ^^B| \C70/rm/m/n/12/8f Ù \C70/rm/m/n/12/9
1 Ì|\C70/rm/m/n/12/ff ^^L| $\OML/cmm/m/it/12 ^^[$ \C70/rm/m/n/12/88 h \C70/rm/m
/n/12/79 : \C70/rm/m/n/12/6f À \C70/rm/m/n/12/6d ; \C70/rm/m/n/12/51 ý \C70/rm/
m/n/12/65 p|\C70/rm/m/n/12/ff ^^L| \C70/rm/m/n/12/75 ( \C70/rm/m/n/12/4e Ž \C70
/rm/m/n/12/5f ^^U \C70/rm/m/n/12/51 e \C70/rm/m/n/12/97 ^ \C70/rm/m/n/12/7e ¿ \
C70/rm/m/n/12/60 '|\C70/rm/m/n/12/ff ^^L| \C70/rm/m/n/12/5e 8 \C70/rm/m/n/12/89
 Á \C70/rm/m/n/12/76 „ \C70/rm/m/n/12/6f À \C70/rm/m/n/12/6d ; \C70/rm/m/n/12/5
1 ý \C70/rm/m/n/12/65 p \C70/rm/m/n/12/53 ^^E \C70/rm/m/n/12/62 ì\T1/cmr/m/n/12
 ReLU\C70/rm/m/n/12/54 Œ\T1/cmr/m/n/12 Sigmoid|\C70/rm/m/n/12/30 ^^B|
 []


Underfull \hbox (badness 10000) in paragraph at lines 1469--1471

 []

[43] [44] [45] [46] [47] [48] [49] [50]
<17.png, id=431, 835.4412pt x 450.9648pt>
File: 17.png Graphic file (type png)
<use 17.png>
Package pdftex.def Info: 17.png  used on input line 1706.
(pdftex.def)             Requested size: 426.79135pt x 230.37434pt.
 [51 <./17.png>] [52] [53] [54]
Overfull \hbox (1.62415pt too wide) in paragraph at lines 1790--1792
\C70/rm/m/n/12/51 v \C70/rm/m/n/12/4e -|\C70/rm/m/n/12/ff ^^L| $\OML/cmm/m/it/1
2 C$ \C70/rm/m/n/12/88 h \C70/rm/m/n/12/79 : \C70/rm/m/n/12/7c { \C70/rm/m/n/12
/52 + \C70/rm/m/n/12/60 ; \C70/rm/m/n/12/65 p|\C70/rm/m/n/12/ff ^^L| $\OML/cmm/
m/it/12 y[]$ \C70/rm/m/n/12/66 / \C70/rm/m/n/12/77 ^^_ \C70/rm/m/n/12/5b ž \C70
/rm/m/n/12/68 ^^G \C70/rm/m/n/12/7b ~ \C70/rm/m/n/12/76 „ \C70/rm/m/n/12/72 ì \
C70/rm/m/n/12/70 í \C70/rm/m/n/12/7f ^^V \C70/rm/m/n/12/78 ^^A |\C70/rm/m/n/12/
ff ^^H|\C70/rm/m/n/12/53 s \C70/rm/m/n/12/59 ‚ \C70/rm/m/n/12/67 œ \C70/rm/m/n/
12/68 7 \C70/rm/m/n/12/67 , \C70/rm/m/n/12/5c ^ \C70/rm/m/n/12/4e Ž \C70/rm/m/n
/12/7c { \C70/rm/m/n/12/52 +$\OML/cmm/m/it/12 i$|\C70/rm/m/n/12/ff ^^L| \C70/rm
/m/n/12/52 ^^Y$\OML/cmm/m/it/12 y[] \OT1/cmr/m/n/12 =
 []


Overfull \hbox (29.63168pt too wide) in paragraph at lines 1808--1809
[]\C70/rm/m/n/12/4e : † \C70/rm/m/n/12/63 Ð \C70/rm/m/n/12/9a Ø \C70/rm/m/n/12/
8b ­ \C70/rm/m/n/12/7e Ã \C70/rm/m/n/12/65 H \C70/rm/m/n/12/73 ‡ \C70/rm/m/n/12
/54 Œ \C70/rm/m/n/12/6a ! \C70/rm/m/n/12/57 ‹ \C70/rm/m/n/12/60 ' \C70/rm/m/n/1
2/80 ý|\C70/rm/m/n/12/ff ^^L| \C70/rm/m/n/12/5e 8 \C70/rm/m/n/12/89 Á \C70/rm/m
/n/12/76 „ \C70/rm/m/n/12/4f ^^X \C70/rm/m/n/12/53 ^^V \C70/rm/m/n/12/62 € \C70
/rm/m/n/12/67 / \C70/rm/m/n/12/53 ^^E \C70/rm/m/n/12/62 ì \C70/rm/m/n/12/52 ¨ \
C70/rm/m/n/12/91 Ï |\C70/rm/m/n/12/ff ^^H|\T1/cmr/m/n/12 Momentum|\C70/rm/m/n/1
2/ff 	||\C70/rm/m/n/12/30 ^^A| \T1/cmr/m/n/12 Adaptive
 []

[55] [56] [57] [58] [59] [60]
<20.png, id=466, 729.927pt x 339.669pt>
File: 20.png Graphic file (type png)
<use 20.png>
Package pdftex.def Info: 20.png  used on input line 1983.
(pdftex.def)             Requested size: 426.79135pt x 198.60968pt.
 [61 <./20.png>] (./report.aux)
 ***********
LaTeX2e <2023-11-01> patch level 1
L3 programming layer <2022/07/14>
 ***********
 ) 
Here is how much of TeX's memory you used:
 14622 strings out of 474116
 257587 string characters out of 5747718
 2153190 words of memory out of 5000000
 36373 multiletter control sequences out of 15000+600000
 656094 words of font info for 379 fonts, out of 8000000 for 9000
 1141 hyphenation exceptions out of 8191
 80i,9n,83p,1196b,1876s stack positions out of 10000i,1000n,20000p,200000b,200000s
<c:/Windows/Fonts/simhei.ttf><c:/Windows/Fonts/simhei.ttf><c:/Windows/Fonts/s
imsun.ttc><c:/Windows/Fonts/simsun.ttc><c:/Windows/Fonts/simhei.ttf><c:/Windows
/Fonts/simhei.ttf><c:/Windows/Fonts/simhei.ttf><c:/Windows/Fonts/simsun.ttc><c:
/Windows/Fonts/simhei.ttf><c:/Windows/Fonts/simsun.ttc><c:/Windows/Fonts/simsun
.ttc><c:/Windows/Fonts/simhei.ttf><c:/Windows/Fonts/simhei.ttf><c:/Windows/Font
s/simhei.ttf><c:/Windows/Fonts/simhei.ttf><c:/Windows/Fonts/simhei.ttf><c:/Wind
ows/Fonts/simhei.ttf><c:/Windows/Fonts/simhei.ttf><c:/Windows/Fonts/simhei.ttf>
<c:/Windows/Fonts/simsun.ttc><c:/Windows/Fonts/simhei.ttf><c:/Windows/Fonts/sim
hei.ttf><c:/Windows/Fonts/simhei.ttf><c:/Windows/Fonts/simhei.ttf><c:/Windows/F
onts/simsun.ttc><c:/Windows/Fonts/simsun.ttc><c:/Windows/Fonts/simsun.ttc><c:/W
indows/Fonts/simsun.ttc><c:/Windows/Fonts/simsun.ttc><c:/Windows/Fonts/simsun.t
tc><c:/Windows/Fonts/simsun.ttc><c:/Windows/Fonts/simsun.ttc><c:/Windows/Fonts/
simsun.ttc><c:/Windows/Fonts/simhei.ttf><c:/Windows/Fonts/simhei.ttf><c:/Window
s/Fonts/simhei.ttf><c:/Windows/Fonts/simhei.ttf><c:/Windows/Fonts/simhei.ttf><c
:/Windows/Fonts/simsun.ttc><c:/Windows/Fonts/simhei.ttf><c:/Windows/Fonts/simhe
i.ttf><c:/Windows/Fonts/simsun.ttc><c:/Windows/Fonts/simsun.ttc><c:/Windows/Fon
ts/simsun.ttc><c:/Windows/Fonts/simsun.ttc><c:/Windows/Fonts/simsun.ttc><c:/Win
dows/Fonts/simsun.ttc><c:/Windows/Fonts/simsun.ttc><c:/Windows/Fonts/simsun.ttc
><c:/Windows/Fonts/simsun.ttc><c:/Windows/Fonts/simsun.ttc><c:/Windows/Fonts/si
msun.ttc><c:/Windows/Fonts/simsun.ttc><c:/Windows/Fonts/simsun.ttc><c:/Windows/
Fonts/simhei.ttf><c:/Windows/Fonts/simhei.ttf><c:/Windows/Fonts/simhei.ttf><c:/
Windows/Fonts/simhei.ttf><c:/Windows/Fonts/simhei.ttf><c:/Windows/Fonts/simsun.
ttc><c:/Windows/Fonts/simhei.ttf><c:/Windows/Fonts/simhei.ttf><c:/Windows/Fonts
/simhei.ttf><c:/Windows/Fonts/simhei.ttf><c:/Windows/Fonts/simsun.ttc><c:/Windo
ws/Fonts/simsun.ttc><c:/Windows/Fonts/simsun.ttc><c:/Windows/Fonts/simsun.ttc><
c:/Windows/Fonts/simsun.ttc><c:/Windows/Fonts/simsun.ttc><c:/Windows/Fonts/sims
un.ttc><c:/Windows/Fonts/simhei.ttf><c:/Windows/Fonts/simhei.ttf><c:/Windows/Fo
nts/simhei.ttf><c:/Windows/Fonts/simsun.ttc><c:/Windows/Fonts/simsun.ttc><c:/Wi
ndows/Fonts/simsun.ttc><c:/Windows/Fonts/simhei.ttf><c:/Windows/Fonts/simhei.tt
f><c:/Windows/Fonts/simhei.ttf><c:/Windows/Fonts/simsun.ttc><c:/Windows/Fonts/s
imhei.ttf><c:/Windows/Fonts/simhei.ttf><c:/Windows/Fonts/simhei.ttf><c:/Windows
/Fonts/simhei.ttf><c:/Windows/Fonts/simhei.ttf><c:/Windows/Fonts/simsun.ttc><c:
/Windows/Fonts/simsun.ttc><c:/Windows/Fonts/simsun.ttc><c:/Windows/Fonts/simsun
.ttc><c:/Windows/Fonts/simsun.ttc><c:/Windows/Fonts/simsun.ttc><c:/Windows/Font
s/simsun.ttc><c:/Windows/Fonts/simsun.ttc><c:/Windows/Fonts/simhei.ttf><c:/Wind
ows/Fonts/simhei.ttf><c:/Windows/Fonts/simhei.ttf><c:/Windows/Fonts/simhei.ttf>
<c:/Windows/Fonts/simhei.ttf><c:/Windows/Fonts/simhei.ttf><c:/Windows/Fonts/sim
hei.ttf><c:/Windows/Fonts/simhei.ttf><c:/Windows/Fonts/simhei.ttf><c:/Windows/F
onts/simhei.ttf><c:/Windows/Fonts/simhei.ttf><c:/Windows/Fonts/simsun.ttc><c:/W
indows/Fonts/simsun.ttc><c:/Windows/Fonts/simsun.ttc><c:/Windows/Fonts/simsun.t
tc><c:/Windows/Fonts/simsun.ttc><c:/Windows/Fonts/simsun.ttc><c:/Windows/Fonts/
simsun.ttc><c:/Windows/Fonts/simsun.ttc><c:/Windows/Fonts/simsun.ttc><c:/Window
s/Fonts/simsun.ttc><c:/Windows/Fonts/simsun.ttc><c:/Windows/Fonts/simsun.ttc><c
:/Windows/Fonts/simsun.ttc><c:/Windows/Fonts/simsun.ttc><c:/Windows/Fonts/simsu
n.ttc><c:/Windows/Fonts/simsun.ttc><c:/Windows/Fonts/simsun.ttc><c:/Windows/Fon
ts/simsun.ttc><c:/Windows/Fonts/simsun.ttc><c:/Windows/Fonts/simsun.ttc><c:/Win
dows/Fonts/simsun.ttc><c:/Windows/Fonts/simsun.ttc><c:/Windows/Fonts/simsun.ttc
><c:/Windows/Fonts/simsun.ttc><c:/Windows/Fonts/simsun.ttc><c:/Windows/Fonts/SI
MLI.TTF><c:/Windows/Fonts/SIMLI.TTF><c:/Windows/Fonts/SIMLI.TTF><c:/Windows/Fon
ts/SIMLI.TTF><c:/texlive/2024/texmf-dist/fonts/type1/public/amsfonts/cm/cmbx12.
pfb><c:/texlive/2024/texmf-dist/fonts/type1/public/amsfonts/cm/cmex10.pfb><c:/t
exlive/2024/texmf-dist/fonts/type1/public/amsfonts/cm/cmmi12.pfb><c:/texlive/20
24/texmf-dist/fonts/type1/public/amsfonts/cm/cmmi6.pfb><c:/texlive/2024/texmf-d
ist/fonts/type1/public/amsfonts/cm/cmmi8.pfb><c:/texlive/2024/texmf-dist/fonts/
type1/public/amsfonts/cm/cmr12.pfb><c:/texlive/2024/texmf-dist/fonts/type1/publ
ic/amsfonts/cm/cmr8.pfb><c:/texlive/2024/texmf-dist/fonts/type1/public/amsfonts
/cm/cmsy10.pfb><c:/texlive/2024/texmf-dist/fonts/type1/public/amsfonts/cm/cmsy8
.pfb><c:/texlive/2024/texmf-dist/fonts/type1/public/amsfonts/symbols/msbm10.pfb
><c:/texlive/2024/texmf-dist/fonts/type1/public/cm-super/sfbx1200.pfb><c:/texli
ve/2024/texmf-dist/fonts/type1/public/cm-super/sfrm0600.pfb><c:/texlive/2024/te
xmf-dist/fonts/type1/public/cm-super/sfrm0800.pfb><c:/texlive/2024/texmf-dist/f
onts/type1/public/cm-super/sfrm1200.pfb><c:/texlive/2024/texmf-dist/fonts/type1
/public/cm-super/sftt1000.pfb><c:/texlive/2024/texmf-dist/fonts/type1/public/cm
-super/sftt1200.pfb>
Output written on report.pdf (65 pages, 2277155 bytes).
PDF statistics:
 950 PDF objects out of 1000 (max. 8388607)
 600 compressed objects within 6 object streams
 0 named destinations out of 1000 (max. 500000)
 397 words of extra memory for PDF output out of 10000 (max. 10000000)

